%!Adobe-FontList 1.14
%Locale:0x200a

%BeginFont
Handler:DirectoryHandler
FontType:Type1
FontName:MinionPro-Bold
FamilyName:Minion Pro
StyleName:Bold
FullName:Minion Pro Bold
MenuName:Minion Pro
StyleBits:2
WritingScript:Roman
OutlineFileName:C:\Users\personal\Documents\diseño\encuadernatodo\Carpeta portada reducida\Document fonts\MinionPro-Bold.otf
DataFormat:sfntData
UsesStandardEncoding:yes
isCFF:yes
FileLength:218116
FileModTime:1363380932
WeightClass:700
WidthClass:5
AngleClass:0
DesignSize:110
%EndFont

