%!Adobe-FontList 1.19
%Locale:0x409

%BeginFont
Handler:DirectoryHandler
FontType:Type1
FontName:MyriadPro-BoldCondIt
FamilyName:Myriad Pro
StyleName:Bold Condensed Italic
MenuName:Myriad Pro Cond
StyleBits:3
WeightClass:700
WidthClass:3
AngleClass:1
FullName:Myriad Pro Bold Condensed Italic
WritingScript:Roman
OutlineFileName:\MyriadPro-BoldCondIt.otf
DataFormat:sfntData
UsesStandardEncoding:yes
isCFF:yes
hasSVG:no
VariableFontType:NonVariableFont
FileLength:96384
FileModTime:1443728472
DesignSize:110
NameArray:0,Mac,18,Myriad Pro Bold Cond It
NameArray:0,Mac,4,Myriad Pro Bold Condensed Italic
NameArray:0,Win,1,Myriad Pro Cond
NameArray:0,Win,16,Myriad Pro
%EndFont

%BeginFont
Handler:DirectoryHandler
FontType:Type1
FontName:MyriadPro-SemiboldSemiCnIt
FamilyName:Myriad Pro
StyleName:Semibold SemiCondensed Italic
MenuName:Myriad Pro Light SemiCond
StyleBits:3
WeightClass:600
WidthClass:4
AngleClass:1
FullName:Myriad Pro Semibold SemiCondensed Italic
WritingScript:Roman
OutlineFileName:\MyriadPro-SemiboldSemiCnIt.otf
DataFormat:sfntData
UsesStandardEncoding:yes
isCFF:yes
hasSVG:no
VariableFontType:NonVariableFont
FileLength:86864
FileModTime:1052763504
NameArray:0,Mac,18,Myriad Pro Semibold SemiCond It
NameArray:0,Mac,4,Myriad Pro Semibold SemiCondensed Italic
NameArray:0,Win,1,Myriad Pro Light SemiCond
NameArray:0,Win,16,Myriad Pro
%EndFont

